<?xml version="1.0" encoding="utf-8"?><testsuites name="pytest tests"><testsuite name="pytest" errors="0" failures="0" skipped="0" tests="6" time="1.432" timestamp="2026-05-24T18:10:39.964895+00:00" hostname="agent-env-c659dd1f-bdb5-4692-a341-03e6749255cf"><testcase classname="backend.tests.test_waitlist.TestWaitlistAPI" name="test_root_api" time="0.297" /><testcase classname="backend.tests.test_waitlist.TestWaitlistAPI" name="test_get_waitlist_count" time="0.107" /><testcase classname="backend.tests.test_waitlist.TestWaitlistAPI" name="test_join_waitlist_valid_email" time="0.119" /><testcase classname="backend.tests.test_waitlist.TestWaitlistAPI" name="test_join_waitlist_duplicate_email" time="0.252" /><testcase classname="backend.tests.test_waitlist.TestWaitlistAPI" name="test_join_waitlist_invalid_email" time="0.104" /><testcase classname="backend.tests.test_waitlist.TestWaitlistAPI" name="test_count_increases_after_join" time="0.338" /></testsuite></testsuites>