<?xml version="1.0" encoding="utf-8"?><testsuites name="pytest tests"><testsuite name="pytest" errors="0" failures="0" skipped="0" tests="16" time="3.347" timestamp="2026-05-27T02:25:14.346962+00:00" hostname="agent-env-c659dd1f-bdb5-4692-a341-03e6749255cf"><testcase classname="backend.tests.test_admin_analytics" name="test_admin_login_success" time="0.516" /><testcase classname="backend.tests.test_admin_analytics" name="test_admin_login_invalid_credentials" time="0.381" /><testcase classname="backend.tests.test_admin_analytics" name="test_admin_login_unknown_email" time="0.117" /><testcase classname="backend.tests.test_admin_analytics" name="test_admin_me" time="0.465" /><testcase classname="backend.tests.test_admin_analytics" name="test_admin_me_no_token" time="0.112" /><testcase classname="backend.tests.test_admin_analytics" name="test_admin_waitlist_returns_entries" time="0.159" /><testcase classname="backend.tests.test_admin_analytics" name="test_admin_waitlist_search" time="0.118" /><testcase classname="backend.tests.test_admin_analytics" name="test_admin_waitlist_pagination" time="0.146" /><testcase classname="backend.tests.test_admin_analytics" name="test_admin_waitlist_no_auth" time="0.130" /><testcase classname="backend.tests.test_admin_analytics" name="test_admin_waitlist_export" time="0.159" /><testcase classname="backend.tests.test_admin_analytics" name="test_admin_waitlist_export_no_auth" time="0.115" /><testcase classname="backend.tests.test_admin_analytics" name="test_analytics_event_post" time="0.116" /><testcase classname="backend.tests.test_admin_analytics" name="test_admin_analytics_overview" time="0.177" /><testcase classname="backend.tests.test_admin_analytics" name="test_admin_analytics_funnel" time="0.136" /><testcase classname="backend.tests.test_admin_analytics" name="test_admin_analytics_daily" time="0.106" /><testcase classname="backend.tests.test_admin_analytics" name="test_admin_analytics_sections" time="0.119" /></testsuite></testsuites>